Build started 20.09.2011 15:21:44.
     1>Project "D:\Documents\c++\Straustrup\DateChrono\DateChrono\DateChrono.vcxproj" on node 2 (build target(s)).
     1>InitializeBuildStatus:
         Creating "Debug\DateChrono.unsuccessfulbuild" because "AlwaysCreate" was specified.
       ClCompile:
         All outputs are up-to-date.
         C:\Program Files (x86)\Microsoft Visual Studio 10.0\VC\bin\CL.exe /c /ZI /nologo /W3 /WX- /Od /Oy- /D WIN32 /D _DEBUG /D _CONSOLE /D _UNICODE /D UNICODE /Gm /EHsc /RTC1 /MDd /GS /fp:precise /Zc:wchar_t /Zc:forScope /Yu"StdAfx.h" /Fp"Debug\DateChrono.pch" /Fo"Debug\\" /Fd"Debug\vc100.pdb" /Gd /TP /analyze- /errorReport:prompt DateChrono.cpp
         DateChrono.cpp
       ManifestResourceCompile:
         All outputs are up-to-date.
       Link:
         C:\Program Files (x86)\Microsoft Visual Studio 10.0\VC\bin\link.exe /ERRORREPORT:PROMPT /OUT:"D:\Documents\c++\Straustrup\DateChrono\Debug\DateChrono.exe" /INCREMENTAL /NOLOGO kernel32.lib user32.lib gdi32.lib winspool.lib comdlg32.lib advapi32.lib shell32.lib ole32.lib oleaut32.lib uuid.lib odbc32.lib odbccp32.lib /MANIFEST /ManifestFile:"Debug\DateChrono.exe.intermediate.manifest" /MANIFESTUAC:"level='asInvoker' uiAccess='false'" /DEBUG /PDB:"D:\Documents\c++\Straustrup\DateChrono\Debug\DateChrono.pdb" /SUBSYSTEM:CONSOLE /TLBID:1 /DYNAMICBASE /NXCOMPAT /IMPLIB:"D:\Documents\c++\Straustrup\DateChrono\Debug\DateChrono.lib" /MACHINE:X86 Debug\DateChrono.exe.embed.manifest.res
         Debug\Chrono.obj
         Debug\DateChrono.obj
         Debug\stdafx.obj
       Manifest:
         C:\Program Files (x86)\Microsoft SDKs\Windows\v7.0A\bin\mt.exe /nologo /verbose /out:"Debug\DateChrono.exe.embed.manifest" /manifest Debug\DateChrono.exe.intermediate.manifest
         All outputs are up-to-date.
       LinkEmbedManifest:
         All outputs are up-to-date.
         DateChrono.vcxproj -> D:\Documents\c++\Straustrup\DateChrono\Debug\DateChrono.exe
       FinalizeBuildStatus:
         Deleting file "Debug\DateChrono.unsuccessfulbuild".
         Touching "Debug\DateChrono.lastbuildstate".
     1>Done Building Project "D:\Documents\c++\Straustrup\DateChrono\DateChrono\DateChrono.vcxproj" (build target(s)).

Build succeeded.

Time Elapsed 00:00:01.17
